<?xml version="1.0" encoding="UTF-8"?>
<testng-results skipped="0" failed="0" ignored="0" total="2" passed="2">
  <reporter-output>
  </reporter-output>
  <suite name="Suite" duration-ms="9082" started-at="2022-07-01T14:21:05Z" finished-at="2022-07-01T14:21:14Z">
    <groups>
    </groups>
    <test name="Test" duration-ms="9082" started-at="2022-07-01T14:21:05Z" finished-at="2022-07-01T14:21:14Z">
      <class name="testNGsample.testnghotel">
        <test-method status="PASS" signature="beforeClass()[pri:0, instance:testNGsample.testnghotel@56235b8e]" name="beforeClass" is-config="true" duration-ms="6494" started-at="2022-07-01T14:21:05Z" finished-at="2022-07-01T14:21:11Z">
          <reporter-output>
          </reporter-output>
        </test-method> <!-- beforeClass -->
        <test-method status="PASS" signature="fb(java.lang.String, java.lang.String)[pri:0, instance:testNGsample.testnghotel@56235b8e]" name="fb" duration-ms="723" started-at="2022-07-01T14:21:11Z" finished-at="2022-07-01T14:21:12Z">
          <params>
            <param index="0">
              <value>
                <![CDATA[Ferozkhan]]>
              </value>
            </param>
            <param index="1">
              <value>
                <![CDATA[feroz@4444]]>
              </value>
            </param>
          </params>
          <reporter-output>
          </reporter-output>
        </test-method> <!-- fb -->
        <test-method status="PASS" signature="searchHotels(java.lang.String, java.lang.String, java.lang.String, java.lang.String, java.lang.String, java.lang.String, java.lang.String, java.lang.String)[pri:0, instance:testNGsample.testnghotel@56235b8e]" name="searchHotels" duration-ms="1844" started-at="2022-07-01T14:21:12Z" finished-at="2022-07-01T14:21:14Z">
          <params>
            <param index="0">
              <value>
                <![CDATA[Melbourne]]>
              </value>
            </param>
            <param index="1">
              <value>
                <![CDATA[Hotel Cornice]]>
              </value>
            </param>
            <param index="2">
              <value>
                <![CDATA[Standard]]>
              </value>
            </param>
            <param index="3">
              <value>
                <![CDATA[4 - Four]]>
              </value>
            </param>
            <param index="4">
              <value>
                <![CDATA[19-06-2022]]>
              </value>
            </param>
            <param index="5">
              <value>
                <![CDATA[27-06-2022]]>
              </value>
            </param>
            <param index="6">
              <value>
                <![CDATA[2 - Two]]>
              </value>
            </param>
            <param index="7">
              <value>
                <![CDATA[2 - Two]]>
              </value>
            </param>
          </params>
          <reporter-output>
          </reporter-output>
        </test-method> <!-- searchHotels -->
      </class> <!-- testNGsample.testnghotel -->
    </test> <!-- Test -->
  </suite> <!-- Suite -->
</testng-results>
